<?xml version="1.0" encoding="UTF-8"?>
<testsuite xmlns:xsi="http://www.w3.org/2001/XMLSchema-instance" xsi:schemaLocation="https://maven.apache.org/surefire/maven-surefire-plugin/xsd/surefire-test-report.xsd" name="com.qa.runner.Runner" time="17.03" tests="6" errors="0" skipped="4" failures="0">
  <properties>
[...]
</properties>
  <testcase name="Given Navigate to PIM after log in with Admin user" classname="| SampleReport2 |" time="0"/>
  <testcase name="When I add Custom Report with below ReportName as &lt;&quot;ReportName&quot;&gt; and below Display field group and field names" classname="| SampleReport2 |" time="0">
    <skipped/>
  </testcase>
  <testcase name="Then I  verify Report is searched in the Report with ReportName as &lt;&quot;ReportName&quot;&gt;" classname="| SampleReport2 |" time="0">
    <skipped/>
  </testcase>
  <testcase name="And I verify the Report is generated with below fields" classname="| SampleReport2 |" time="0">
    <skipped/>
  </testcase>
  <testcase name="| SampleReport2 |" classname="| SampleReport2 |" time="0">
    <skipped/>
    <system-out><![CDATA[&amp#27;[34mClosing the application&amp#27;[0m
]]></system-out>
  </testcase>
  <testcase name="| SampleReport2 |" classname="| SampleReport2 |" time="0.003"/>
</testsuite>